<?xml version="1.0" encoding="UTF-8"?>
<coverage generated="1722761564776" clover="3.2.0">
  <project timestamp="1722761564776" name="All files">
    <metrics statements="36" coveredstatements="35" conditionals="19" coveredconditionals="17" methods="10" coveredmethods="10" elements="65" coveredelements="62" complexity="0" loc="36" ncloc="36" packages="2" files="3" classes="3"/>
    <package name="__fixtures__">
      <metrics statements="3" coveredstatements="3" conditionals="0" coveredconditionals="0" methods="1" coveredmethods="1"/>
      <file name="getAnswer.js" path="/home/ilya/backend-project-46/__fixtures__/getAnswer.js">
        <metrics statements="3" coveredstatements="3" conditionals="0" coveredconditionals="0" methods="1" coveredmethods="1"/>
        <line num="6" count="1" type="stmt"/>
        <line num="7" count="1" type="stmt"/>
        <line num="8" count="6" type="stmt"/>
      </file>
    </package>
    <package name="bin">
      <metrics statements="33" coveredstatements="32" conditionals="19" coveredconditionals="17" methods="9" coveredmethods="9"/>
      <file name="parser.js" path="/home/ilya/backend-project-46/bin/parser.js">
        <metrics statements="28" coveredstatements="27" conditionals="19" coveredconditionals="17" methods="4" coveredmethods="4"/>
        <line num="9" count="1" type="stmt"/>
        <line num="10" count="12" type="cond" truecount="2" falsecount="1"/>
        <line num="12" count="6" type="cond" truecount="2" falsecount="0"/>
        <line num="13" count="2" type="stmt"/>
        <line num="15" count="4" type="stmt"/>
        <line num="17" count="6" type="cond" truecount="2" falsecount="0"/>
        <line num="18" count="1" type="stmt"/>
        <line num="20" count="5" type="stmt"/>
        <line num="21" count="0" type="stmt"/>
        <line num="25" count="1" type="stmt"/>
        <line num="26" count="6" type="stmt"/>
        <line num="27" count="6" type="stmt"/>
        <line num="28" count="6" type="stmt"/>
        <line num="29" count="6" type="stmt"/>
        <line num="30" count="30" type="cond" truecount="2" falsecount="0"/>
        <line num="31" count="6" type="stmt"/>
        <line num="32" count="24" type="cond" truecount="2" falsecount="0"/>
        <line num="33" count="12" type="stmt"/>
        <line num="34" count="12" type="cond" truecount="2" falsecount="0"/>
        <line num="35" count="6" type="stmt"/>
        <line num="36" count="6" type="stmt"/>
        <line num="38" count="6" type="stmt"/>
        <line num="40" count="30" type="stmt"/>
        <line num="45" count="7" type="cond" truecount="4" falsecount="0"/>
        <line num="46" count="1" type="stmt"/>
        <line num="48" count="6" type="stmt"/>
        <line num="49" count="6" type="stmt"/>
        <line num="50" count="6" type="stmt"/>
      </file>
      <file name="utils.js" path="/home/ilya/backend-project-46/bin/utils.js">
        <metrics statements="5" coveredstatements="5" conditionals="0" coveredconditionals="0" methods="5" coveredmethods="5"/>
        <line num="4" count="9" type="stmt"/>
        <line num="5" count="12" type="stmt"/>
        <line num="6" count="12" type="stmt"/>
        <line num="7" count="12" type="stmt"/>
        <line num="8" count="54" type="stmt"/>
      </file>
    </package>
  </project>
</coverage>
