TN:
SF:__fixtures__/getAnswer.js
FN:8,(anonymous_0)
FNF:1
FNH:1
FNDA:6,(anonymous_0)
DA:6,1
DA:7,1
DA:8,6
LF:3
LH:3
BRF:0
BRH:0
end_of_record
TN:
SF:bin/parser.js
FN:9,(anonymous_0)
FN:25,(anonymous_1)
FN:29,(anonymous_2)
FN:44,(anonymous_3)
FNF:4
FNH:4
FNDA:12,(anonymous_0)
FNDA:6,(anonymous_1)
FNDA:30,(anonymous_2)
FNDA:7,(anonymous_3)
DA:9,1
DA:10,12
DA:12,6
DA:13,2
DA:15,4
DA:17,6
DA:18,1
DA:20,5
DA:21,0
DA:25,1
DA:26,6
DA:27,6
DA:28,6
DA:29,6
DA:30,30
DA:31,6
DA:32,24
DA:33,12
DA:34,12
DA:35,6
DA:36,6
DA:38,6
DA:40,30
DA:45,7
DA:46,1
DA:48,6
DA:49,6
DA:50,6
LF:28
LH:27
BRDA:10,0,0,6
BRDA:10,0,1,6
BRDA:10,0,2,0
BRDA:12,1,0,2
BRDA:12,1,1,4
BRDA:16,2,0,6
BRDA:16,2,1,0
BRDA:17,3,0,1
BRDA:17,3,1,5
BRDA:30,4,0,6
BRDA:30,4,1,24
BRDA:32,5,0,12
BRDA:32,5,1,12
BRDA:34,6,0,6
BRDA:34,6,1,6
BRDA:45,7,0,1
BRDA:45,7,1,6
BRDA:45,8,0,7
BRDA:45,8,1,7
BRF:19
BRH:17
end_of_record
TN:
SF:bin/utils.js
FN:4,(anonymous_0)
FN:5,(anonymous_1)
FN:6,(anonymous_2)
FN:7,(anonymous_3)
FN:8,(anonymous_4)
FNF:5
FNH:5
FNDA:9,(anonymous_0)
FNDA:12,(anonymous_1)
FNDA:12,(anonymous_2)
FNDA:12,(anonymous_3)
FNDA:54,(anonymous_4)
DA:4,9
DA:5,12
DA:6,12
DA:7,12
DA:8,54
LF:5
LH:5
BRF:0
BRH:0
end_of_record
